{
"contracts/MockTokenVesting.sol":{"l":{"20":3,"29":12},"path":"/Users/abdelhamid/Documents/GitHub/_xki/token-vesting-contracts/contracts/MockTokenVesting.sol","s":{"1":3,"2":12},"b":{},"f":{"1":12,"2":3,"3":12},"fnMap":{"1":{"name":"constructor","line":15,"loc":{"start":{"line":15,"column":4},"end":{"line":16,"column":4}}},"2":{"name":"setCurrentTime","line":18,"loc":{"start":{"line":18,"column":4},"end":{"line":21,"column":4}}},"3":{"name":"getCurrentTime","line":23,"loc":{"start":{"line":23,"column":4},"end":{"line":30,"column":4}}}},"statementMap":{"1":{"start":{"line":20,"column":8},"end":{"line":20,"column":23}},"2":{"start":{"line":29,"column":8},"end":{"line":29,"column":23}}},"branchMap":{}},
"contracts/Token.sol":{"l":{"9":15},"path":"/Users/abdelhamid/Documents/GitHub/_xki/token-vesting-contracts/contracts/Token.sol","s":{"1":15},"b":{},"f":{"1":15},"fnMap":{"1":{"name":"constructor","line":8,"loc":{"start":{"line":8,"column":4},"end":{"line":10,"column":4}}}},"statementMap":{"1":{"start":{"line":9,"column":8},"end":{"line":9,"column":39}}},"branchMap":{}},
"contracts/TokenVesting.sol":{"l":{"55":0,"56":0,"63":13,"64":13,"65":13,"73":12,"74":12,"102":5,"106":5,"107":4,"108":3,"109":2,"110":2,"111":2,"123":2,"124":2,"125":2,"126":2,"137":2,"138":2,"139":2,"140":2,"141":1,"143":2,"154":0,"155":0,"170":6,"171":6,"172":6,"173":6,"177":5,"178":5,"179":4,"180":4,"181":4,"182":4,"193":1,"204":1,"215":0,"216":0,"228":5,"229":5,"240":2,"251":0,"262":0,"273":6,"283":2,"293":3,"303":6,"314":12,"315":12,"316":1,"318":5,"320":6,"321":6,"322":6,"323":6,"324":6,"325":6,"326":6,"335":0},"path":"/Users/abdelhamid/Documents/GitHub/_xki/token-vesting-contracts/contracts/TokenVesting.sol","s":{"1":0,"2":13,"3":13,"4":12,"5":12,"6":5,"7":5,"8":4,"9":3,"10":2,"11":2,"12":2,"13":2,"14":2,"15":2,"16":2,"17":2,"18":2,"19":2,"20":2,"21":1,"22":2,"23":0,"24":0,"25":6,"26":6,"27":6,"28":6,"29":5,"30":5,"31":4,"32":4,"33":4,"34":4,"35":1,"36":1,"37":0,"38":0,"39":5,"40":5,"41":2,"42":0,"43":0,"44":6,"45":2,"46":3,"47":6,"48":12,"49":12,"50":1,"51":11,"52":5,"53":6,"54":6,"55":6,"56":6,"57":6,"58":6,"59":6,"60":0},"b":{"1":[0,0],"2":[13,0],"3":[13,0],"4":[12,0],"5":[5,0],"6":[4,1],"7":[3,1],"8":[2,1],"9":[2,0],"10":[1,1],"11":[0,0],"12":[5,1],"13":[4,1],"14":[0,0],"15":[1,11],"16":[5,6]},"f":{"1":0,"2":13,"3":12,"4":0,"5":5,"6":2,"7":0,"8":6,"9":1,"10":1,"11":0,"12":5,"13":2,"14":0,"15":0,"16":6,"17":2,"18":3,"19":6,"20":12,"21":0},"fnMap":{"1":{"name":"onlyIfVestingScheduleExists","line":54,"loc":{"start":{"line":54,"column":4},"end":{"line":57,"column":4}}},"2":{"name":"onlyIfVestingScheduleNotRevoked","line":62,"loc":{"start":{"line":62,"column":4},"end":{"line":66,"column":4}}},"3":{"name":"constructor","line":72,"loc":{"start":{"line":72,"column":4},"end":{"line":75,"column":4}}},"4":{"name":null,"line":79,"loc":{"start":{"line":79,"column":4},"end":{"line":79,"column":33}}},"5":{"name":"createVestingSchedule","line":101,"loc":{"start":{"line":91,"column":4},"end":{"line":127,"column":4}}},"6":{"name":"revoke","line":136,"loc":{"start":{"line":133,"column":4},"end":{"line":144,"column":4}}},"7":{"name":"withdraw","line":153,"loc":{"start":{"line":150,"column":4},"end":{"line":156,"column":4}}},"8":{"name":"release","line":169,"loc":{"start":{"line":163,"column":4},"end":{"line":183,"column":4}}},"9":{"name":"getVestingSchedulesCount","line":189,"loc":{"start":{"line":189,"column":4},"end":{"line":194,"column":4}}},"10":{"name":"getVestingSchedulesCountByBeneficiary","line":200,"loc":{"start":{"line":200,"column":4},"end":{"line":205,"column":4}}},"11":{"name":"getVestingIdAtIndex","line":211,"loc":{"start":{"line":211,"column":4},"end":{"line":217,"column":4}}},"12":{"name":"computeVestedAmount","line":225,"loc":{"start":{"line":223,"column":4},"end":{"line":230,"column":4}}},"13":{"name":"getVestingSchedule","line":236,"loc":{"start":{"line":236,"column":4},"end":{"line":241,"column":4}}},"14":{"name":"getVestingScheduleByAddressAndIndex","line":247,"loc":{"start":{"line":247,"column":4},"end":{"line":252,"column":4}}},"15":{"name":"getVestingSchedulesTotalAmount","line":258,"loc":{"start":{"line":258,"column":4},"end":{"line":263,"column":4}}},"16":{"name":"withdrawableAmount","line":269,"loc":{"start":{"line":269,"column":4},"end":{"line":274,"column":4}}},"17":{"name":"getToken","line":279,"loc":{"start":{"line":279,"column":4},"end":{"line":284,"column":4}}},"18":{"name":"computeNextVestingScheduleIdForHolder","line":289,"loc":{"start":{"line":289,"column":4},"end":{"line":294,"column":4}}},"19":{"name":"computeVestingScheduleIdForAddressAndIndex","line":299,"loc":{"start":{"line":299,"column":4},"end":{"line":304,"column":4}}},"20":{"name":"_computeVestedAmount","line":310,"loc":{"start":{"line":310,"column":4},"end":{"line":328,"column":4}}},"21":{"name":"getCurrentTime","line":330,"loc":{"start":{"line":330,"column":4},"end":{"line":336,"column":4}}}},"statementMap":{"1":{"start":{"line":55,"column":8},"end":{"line":55,"column":71}},"2":{"start":{"line":63,"column":8},"end":{"line":63,"column":71}},"3":{"start":{"line":64,"column":8},"end":{"line":64,"column":68}},"4":{"start":{"line":73,"column":8},"end":{"line":73,"column":38}},"5":{"start":{"line":74,"column":8},"end":{"line":74,"column":30}},"6":{"start":{"line":102,"column":8},"end":{"line":102,"column":3518}},"7":{"start":{"line":106,"column":8},"end":{"line":106,"column":67}},"8":{"start":{"line":107,"column":8},"end":{"line":107,"column":63}},"9":{"start":{"line":108,"column":8},"end":{"line":108,"column":89}},"10":{"start":{"line":109,"column":8},"end":{"line":109,"column":87}},"11":{"start":{"line":110,"column":8},"end":{"line":110,"column":42}},"12":{"start":{"line":111,"column":8},"end":{"line":111,"column":4041}},"13":{"start":{"line":123,"column":8},"end":{"line":123,"column":77}},"14":{"start":{"line":124,"column":8},"end":{"line":124,"column":50}},"15":{"start":{"line":125,"column":8},"end":{"line":125,"column":71}},"16":{"start":{"line":126,"column":8},"end":{"line":126,"column":69}},"17":{"start":{"line":137,"column":8},"end":{"line":137,"column":85}},"18":{"start":{"line":138,"column":8},"end":{"line":138,"column":91}},"19":{"start":{"line":139,"column":8},"end":{"line":139,"column":68}},"20":{"start":{"line":140,"column":8},"end":{"line":140,"column":5151}},"21":{"start":{"line":141,"column":12},"end":{"line":141,"column":51}},"22":{"start":{"line":143,"column":8},"end":{"line":143,"column":37}},"23":{"start":{"line":154,"column":8},"end":{"line":154,"column":93}},"24":{"start":{"line":155,"column":8},"end":{"line":155,"column":43}},"25":{"start":{"line":170,"column":8},"end":{"line":170,"column":85}},"26":{"start":{"line":171,"column":8},"end":{"line":171,"column":70}},"27":{"start":{"line":172,"column":8},"end":{"line":172,"column":44}},"28":{"start":{"line":173,"column":8},"end":{"line":173,"column":6203}},"29":{"start":{"line":177,"column":8},"end":{"line":177,"column":68}},"30":{"start":{"line":178,"column":8},"end":{"line":178,"column":103}},"31":{"start":{"line":179,"column":8},"end":{"line":179,"column":70}},"32":{"start":{"line":180,"column":8},"end":{"line":180,"column":81}},"33":{"start":{"line":181,"column":8},"end":{"line":181,"column":76}},"34":{"start":{"line":182,"column":8},"end":{"line":182,"column":54}},"35":{"start":{"line":193,"column":8},"end":{"line":193,"column":41}},"36":{"start":{"line":204,"column":8},"end":{"line":204,"column":48}},"37":{"start":{"line":215,"column":8},"end":{"line":215,"column":87}},"38":{"start":{"line":216,"column":8},"end":{"line":216,"column":41}},"39":{"start":{"line":228,"column":8},"end":{"line":228,"column":85}},"40":{"start":{"line":229,"column":8},"end":{"line":229,"column":52}},"41":{"start":{"line":240,"column":8},"end":{"line":240,"column":50}},"42":{"start":{"line":251,"column":8},"end":{"line":251,"column":92}},"43":{"start":{"line":262,"column":8},"end":{"line":262,"column":42}},"44":{"start":{"line":273,"column":8},"end":{"line":273,"column":79}},"45":{"start":{"line":283,"column":8},"end":{"line":283,"column":30}},"46":{"start":{"line":293,"column":8},"end":{"line":293,"column":94}},"47":{"start":{"line":303,"column":8},"end":{"line":303,"column":57}},"48":{"start":{"line":314,"column":8},"end":{"line":314,"column":46}},"49":{"start":{"line":315,"column":8},"end":{"line":315,"column":10670}},"50":{"start":{"line":316,"column":12},"end":{"line":316,"column":20}},"51":{"start":{"line":317,"column":15},"end":{"line":317,"column":10787}},"52":{"start":{"line":318,"column":12},"end":{"line":318,"column":76}},"53":{"start":{"line":320,"column":12},"end":{"line":320,"column":74}},"54":{"start":{"line":321,"column":12},"end":{"line":321,"column":69}},"55":{"start":{"line":322,"column":12},"end":{"line":322,"column":75}},"56":{"start":{"line":323,"column":12},"end":{"line":323,"column":75}},"57":{"start":{"line":324,"column":12},"end":{"line":324,"column":111}},"58":{"start":{"line":325,"column":12},"end":{"line":325,"column":68}},"59":{"start":{"line":326,"column":12},"end":{"line":326,"column":31}},"60":{"start":{"line":335,"column":8},"end":{"line":335,"column":30}}},"branchMap":{"1":{"line":55,"type":"if","locations":[{"start":{"line":55,"column":8},"end":{"line":55,"column":8}},{"start":{"line":55,"column":8},"end":{"line":55,"column":8}}]},"2":{"line":63,"type":"if","locations":[{"start":{"line":63,"column":8},"end":{"line":63,"column":8}},{"start":{"line":63,"column":8},"end":{"line":63,"column":8}}]},"3":{"line":64,"type":"if","locations":[{"start":{"line":64,"column":8},"end":{"line":64,"column":8}},{"start":{"line":64,"column":8},"end":{"line":64,"column":8}}]},"4":{"line":73,"type":"if","locations":[{"start":{"line":73,"column":8},"end":{"line":73,"column":8}},{"start":{"line":73,"column":8},"end":{"line":73,"column":8}}]},"5":{"line":102,"type":"if","locations":[{"start":{"line":102,"column":8},"end":{"line":102,"column":8}},{"start":{"line":102,"column":8},"end":{"line":102,"column":8}}]},"6":{"line":106,"type":"if","locations":[{"start":{"line":106,"column":8},"end":{"line":106,"column":8}},{"start":{"line":106,"column":8},"end":{"line":106,"column":8}}]},"7":{"line":107,"type":"if","locations":[{"start":{"line":107,"column":8},"end":{"line":107,"column":8}},{"start":{"line":107,"column":8},"end":{"line":107,"column":8}}]},"8":{"line":108,"type":"if","locations":[{"start":{"line":108,"column":8},"end":{"line":108,"column":8}},{"start":{"line":108,"column":8},"end":{"line":108,"column":8}}]},"9":{"line":138,"type":"if","locations":[{"start":{"line":138,"column":8},"end":{"line":138,"column":8}},{"start":{"line":138,"column":8},"end":{"line":138,"column":8}}]},"10":{"line":140,"type":"if","locations":[{"start":{"line":140,"column":8},"end":{"line":140,"column":8}},{"start":{"line":140,"column":8},"end":{"line":140,"column":8}}]},"11":{"line":154,"type":"if","locations":[{"start":{"line":154,"column":8},"end":{"line":154,"column":8}},{"start":{"line":154,"column":8},"end":{"line":154,"column":8}}]},"12":{"line":173,"type":"if","locations":[{"start":{"line":173,"column":8},"end":{"line":173,"column":8}},{"start":{"line":173,"column":8},"end":{"line":173,"column":8}}]},"13":{"line":178,"type":"if","locations":[{"start":{"line":178,"column":8},"end":{"line":178,"column":8}},{"start":{"line":178,"column":8},"end":{"line":178,"column":8}}]},"14":{"line":215,"type":"if","locations":[{"start":{"line":215,"column":8},"end":{"line":215,"column":8}},{"start":{"line":215,"column":8},"end":{"line":215,"column":8}}]},"15":{"line":315,"type":"if","locations":[{"start":{"line":315,"column":8},"end":{"line":315,"column":8}},{"start":{"line":315,"column":8},"end":{"line":315,"column":8}}]},"16":{"line":317,"type":"if","locations":[{"start":{"line":317,"column":15},"end":{"line":317,"column":15}},{"start":{"line":317,"column":15},"end":{"line":317,"column":15}}]}}}}
