TN:
SF:/Users/abdelhamid/Documents/GitHub/_xki/token-vesting-contracts/contracts/MockTokenVesting.sol
FN:15,constructor
FN:18,setCurrentTime
FN:23,getCurrentTime
FNF:3
FNH:3
FNDA:12,constructor
FNDA:3,setCurrentTime
FNDA:12,getCurrentTime
DA:20,3
DA:29,12
LF:2
LH:2
BRF:0
BRH:0
end_of_record
TN:
SF:/Users/abdelhamid/Documents/GitHub/_xki/token-vesting-contracts/contracts/Token.sol
FN:8,constructor
FNF:1
FNH:1
FNDA:15,constructor
DA:9,15
LF:1
LH:1
BRF:0
BRH:0
end_of_record
TN:
SF:/Users/abdelhamid/Documents/GitHub/_xki/token-vesting-contracts/contracts/TokenVesting.sol
FN:54,onlyIfVestingScheduleExists
FN:62,onlyIfVestingScheduleNotRevoked
FN:72,constructor
FN:79,
FN:101,createVestingSchedule
FN:136,revoke
FN:153,withdraw
FN:169,release
FN:189,getVestingSchedulesCount
FN:200,getVestingSchedulesCountByBeneficiary
FN:211,getVestingIdAtIndex
FN:225,computeVestedAmount
FN:236,getVestingSchedule
FN:247,getVestingScheduleByAddressAndIndex
FN:258,getVestingSchedulesTotalAmount
FN:269,withdrawableAmount
FN:279,getToken
FN:289,computeNextVestingScheduleIdForHolder
FN:299,computeVestingScheduleIdForAddressAndIndex
FN:310,_computeVestedAmount
FN:330,getCurrentTime
FNF:21
FNH:14
FNDA:0,onlyIfVestingScheduleExists
FNDA:13,onlyIfVestingScheduleNotRevoked
FNDA:12,constructor
FNDA:0,
FNDA:5,createVestingSchedule
FNDA:2,revoke
FNDA:0,withdraw
FNDA:6,release
FNDA:1,getVestingSchedulesCount
FNDA:1,getVestingSchedulesCountByBeneficiary
FNDA:0,getVestingIdAtIndex
FNDA:5,computeVestedAmount
FNDA:2,getVestingSchedule
FNDA:0,getVestingScheduleByAddressAndIndex
FNDA:0,getVestingSchedulesTotalAmount
FNDA:6,withdrawableAmount
FNDA:2,getToken
FNDA:3,computeNextVestingScheduleIdForHolder
FNDA:6,computeVestingScheduleIdForAddressAndIndex
FNDA:12,_computeVestedAmount
FNDA:0,getCurrentTime
DA:55,0
DA:56,0
DA:63,13
DA:64,13
DA:65,13
DA:73,12
DA:74,12
DA:102,5
DA:106,5
DA:107,4
DA:108,3
DA:109,2
DA:110,2
DA:111,2
DA:123,2
DA:124,2
DA:125,2
DA:126,2
DA:137,2
DA:138,2
DA:139,2
DA:140,2
DA:141,1
DA:143,2
DA:154,0
DA:155,0
DA:170,6
DA:171,6
DA:172,6
DA:173,6
DA:177,5
DA:178,5
DA:179,4
DA:180,4
DA:181,4
DA:182,4
DA:193,1
DA:204,1
DA:215,0
DA:216,0
DA:228,5
DA:229,5
DA:240,2
DA:251,0
DA:262,0
DA:273,6
DA:283,2
DA:293,3
DA:303,6
DA:314,12
DA:315,12
DA:316,1
DA:318,5
DA:320,6
DA:321,6
DA:322,6
DA:323,6
DA:324,6
DA:325,6
DA:326,6
DA:335,0
LF:61
LH:52
BRDA:55,1,0,0
BRDA:55,1,1,0
BRDA:63,2,0,13
BRDA:63,2,1,0
BRDA:64,3,0,13
BRDA:64,3,1,0
BRDA:73,4,0,12
BRDA:73,4,1,0
BRDA:102,5,0,5
BRDA:102,5,1,0
BRDA:106,6,0,4
BRDA:106,6,1,1
BRDA:107,7,0,3
BRDA:107,7,1,1
BRDA:108,8,0,2
BRDA:108,8,1,1
BRDA:138,9,0,2
BRDA:138,9,1,0
BRDA:140,10,0,1
BRDA:140,10,1,1
BRDA:154,11,0,0
BRDA:154,11,1,0
BRDA:173,12,0,5
BRDA:173,12,1,1
BRDA:178,13,0,4
BRDA:178,13,1,1
BRDA:215,14,0,0
BRDA:215,14,1,0
BRDA:315,15,0,1
BRDA:315,15,1,11
BRDA:317,16,0,5
BRDA:317,16,1,6
BRF:32
BRH:21
end_of_record
